0 verbose cli /usr/bin/node /usr/bin/npm
1 info using npm@9.2.0
2 info using node@v18.19.1
3 timing npm:load:whichnode Completed in 0ms
4 timing config:load:defaults Completed in 3ms
5 timing config:load:file:/usr/share/nodejs/npm/npmrc Completed in 8ms
6 timing config:load:builtin Completed in 8ms
7 timing config:load:cli Completed in 4ms
8 timing config:load:env Completed in 1ms
9 timing config:load:file:/home/ubuntu/node-js-project/.npmrc Completed in 1ms
10 timing config:load:project Completed in 2ms
11 timing config:load:file:/home/ubuntu/.npmrc Completed in 1ms
12 timing config:load:user Completed in 1ms
13 timing config:load:file:/etc/npmrc Completed in 2ms
14 timing config:load:global Completed in 2ms
15 timing config:load:setEnvs Completed in 1ms
16 timing config:load Completed in 24ms
17 timing npm:load:configload Completed in 24ms
18 timing npm:load:mkdirpcache Completed in 1ms
19 timing npm:load:mkdirplogs Completed in 0ms
20 verbose title npm install express
21 verbose argv "install" "express"
22 timing npm:load:setTitle Completed in 3ms
23 timing config:load:flatten Completed in 10ms
24 timing npm:load:display Completed in 13ms
25 verbose logfile logs-max:10 dir:/home/ubuntu/.npm/_logs/2025-05-08T07_11_32_917Z-
26 verbose logfile /home/ubuntu/.npm/_logs/2025-05-08T07_11_32_917Z-debug-0.log
27 timing npm:load:logFile Completed in 12ms
28 timing npm:load:timers Completed in 0ms
29 timing npm:load:configScope Completed in 1ms
30 timing npm:load Completed in 55ms
31 silly logfile done cleaning log files
32 timing config:load:flatten Completed in 0ms
33 timing arborist:ctor Completed in 1ms
34 timing arborist:ctor Completed in 0ms
35 timing idealTree:init Completed in 37ms
36 timing idealTree:userRequests Completed in 8ms
37 silly idealTree buildDeps
38 silly fetch manifest express@*
39 http fetch GET 200 https://registry.npmjs.org/express 248ms (cache updated)
40 silly placeDep ROOT express@5.1.0 OK for:  want: *
41 silly fetch manifest qs@^6.14.0
42 silly fetch manifest etag@^1.8.1
43 silly fetch manifest once@^1.4.0
44 silly fetch manifest send@^1.1.0
45 silly fetch manifest vary@^1.1.2
46 silly fetch manifest debug@^4.4.0
47 silly fetch manifest fresh@^2.0.0
48 silly fetch manifest cookie@^0.7.1
49 silly fetch manifest router@^2.2.0
50 silly fetch manifest accepts@^2.0.0
51 silly fetch manifest type-is@^2.0.1
52 silly fetch manifest parseurl@^1.3.3
53 silly fetch manifest statuses@^2.0.1
54 silly fetch manifest encodeurl@^2.0.0
55 silly fetch manifest mime-types@^3.0.0
56 silly fetch manifest proxy-addr@^2.0.7
57 silly fetch manifest body-parser@^2.2.0
58 silly fetch manifest escape-html@^1.0.3
59 silly fetch manifest http-errors@^2.0.0
60 silly fetch manifest on-finished@^2.4.1
61 silly fetch manifest content-type@^1.0.5
62 silly fetch manifest finalhandler@^2.1.0
63 silly fetch manifest range-parser@^1.2.1
64 silly fetch manifest serve-static@^2.2.0
65 silly fetch manifest cookie-signature@^1.2.1
66 silly fetch manifest merge-descriptors@^2.0.0
67 silly fetch manifest content-disposition@^1.0.0
68 http fetch GET 200 https://registry.npmjs.org/mime-types 241ms (cache updated)
69 http fetch GET 200 https://registry.npmjs.org/qs 256ms (cache updated)
70 http fetch GET 200 https://registry.npmjs.org/once 476ms (cache updated)
71 http fetch GET 200 https://registry.npmjs.org/vary 476ms (cache updated)
72 http fetch GET 200 https://registry.npmjs.org/etag 484ms (cache updated)
73 http fetch GET 200 https://registry.npmjs.org/fresh 481ms (cache updated)
74 http fetch GET 200 https://registry.npmjs.org/encodeurl 479ms (cache updated)
75 http fetch GET 200 https://registry.npmjs.org/content-type 479ms (cache updated)
76 http fetch GET 200 https://registry.npmjs.org/escape-html 483ms (cache updated)
77 http fetch GET 200 https://registry.npmjs.org/proxy-addr 487ms (cache updated)
78 http fetch GET 200 https://registry.npmjs.org/statuses 492ms (cache updated)
79 http fetch GET 200 https://registry.npmjs.org/parseurl 493ms (cache updated)
80 http fetch GET 200 https://registry.npmjs.org/on-finished 488ms (cache updated)
81 http fetch GET 200 https://registry.npmjs.org/range-parser 486ms (cache updated)
82 http fetch GET 200 https://registry.npmjs.org/merge-descriptors 484ms (cache updated)
83 http fetch GET 200 https://registry.npmjs.org/http-errors 500ms (cache updated)
84 http fetch GET 200 https://registry.npmjs.org/cookie-signature 496ms (cache updated)
85 http fetch GET 200 https://registry.npmjs.org/content-disposition 495ms (cache updated)
86 http fetch GET 200 https://registry.npmjs.org/cookie 514ms (cache updated)
87 http fetch GET 200 https://registry.npmjs.org/accepts 518ms (cache updated)
88 http fetch GET 200 https://registry.npmjs.org/finalhandler 510ms (cache updated)
89 http fetch GET 200 https://registry.npmjs.org/type-is 524ms (cache updated)
90 http fetch GET 200 https://registry.npmjs.org/serve-static 518ms (cache updated)
91 http fetch GET 200 https://registry.npmjs.org/router 533ms (cache updated)
92 http fetch GET 200 https://registry.npmjs.org/send 541ms (cache updated)
93 http fetch GET 200 https://registry.npmjs.org/body-parser 534ms (cache updated)
94 http fetch GET 200 https://registry.npmjs.org/debug 544ms (cache updated)
95 timing idealTree:#root Completed in 832ms
96 silly placeDep ROOT accepts@2.0.0 OK for: express@5.1.0 want: ^2.0.0
97 silly placeDep ROOT body-parser@2.2.0 OK for: express@5.1.0 want: ^2.2.0
98 silly placeDep ROOT content-disposition@1.0.0 OK for: express@5.1.0 want: ^1.0.0
99 silly placeDep ROOT content-type@1.0.5 OK for: express@5.1.0 want: ^1.0.5
100 silly placeDep ROOT cookie@0.7.2 OK for: express@5.1.0 want: ^0.7.1
101 silly placeDep ROOT cookie-signature@1.2.2 OK for: express@5.1.0 want: ^1.2.1
102 silly placeDep ROOT debug@4.4.0 OK for: express@5.1.0 want: ^4.4.0
103 silly placeDep ROOT encodeurl@2.0.0 OK for: express@5.1.0 want: ^2.0.0
104 silly placeDep ROOT escape-html@1.0.3 OK for: express@5.1.0 want: ^1.0.3
105 silly placeDep ROOT etag@1.8.1 OK for: express@5.1.0 want: ^1.8.1
106 silly placeDep ROOT finalhandler@2.1.0 OK for: express@5.1.0 want: ^2.1.0
107 silly placeDep ROOT fresh@2.0.0 OK for: express@5.1.0 want: ^2.0.0
108 silly placeDep ROOT http-errors@2.0.0 OK for: express@5.1.0 want: ^2.0.0
109 silly placeDep ROOT merge-descriptors@2.0.0 OK for: express@5.1.0 want: ^2.0.0
110 silly placeDep ROOT mime-types@3.0.1 OK for: express@5.1.0 want: ^3.0.0
111 silly placeDep ROOT on-finished@2.4.1 OK for: express@5.1.0 want: ^2.4.1
112 silly placeDep ROOT once@1.4.0 OK for: express@5.1.0 want: ^1.4.0
113 silly placeDep ROOT parseurl@1.3.3 OK for: express@5.1.0 want: ^1.3.3
114 silly placeDep ROOT proxy-addr@2.0.7 OK for: express@5.1.0 want: ^2.0.7
115 silly placeDep ROOT qs@6.14.0 OK for: express@5.1.0 want: ^6.14.0
116 silly placeDep ROOT range-parser@1.2.1 OK for: express@5.1.0 want: ^1.2.1
117 silly placeDep ROOT router@2.2.0 OK for: express@5.1.0 want: ^2.2.0
118 silly placeDep ROOT send@1.2.0 OK for: express@5.1.0 want: ^1.1.0
119 silly placeDep ROOT serve-static@2.2.0 OK for: express@5.1.0 want: ^2.2.0
120 silly placeDep ROOT statuses@2.0.1 OK for: express@5.1.0 want: ^2.0.1
121 silly placeDep ROOT type-is@2.0.1 OK for: express@5.1.0 want: ^2.0.1
122 silly placeDep ROOT vary@1.1.2 OK for: express@5.1.0 want: ^1.1.2
123 silly fetch manifest negotiator@^1.0.0
124 silly fetch manifest bytes@^3.1.2
125 silly fetch manifest iconv-lite@^0.6.3
126 silly fetch manifest raw-body@^3.0.0
127 silly fetch manifest safe-buffer@5.2.1
128 silly fetch manifest ms@^2.1.3
129 silly fetch manifest depd@2.0.0
130 silly fetch manifest inherits@2.0.4
131 silly fetch manifest setprototypeof@1.2.0
132 silly fetch manifest toidentifier@1.0.1
133 silly fetch manifest mime-db@^1.54.0
134 silly fetch manifest ee-first@1.1.1
135 silly fetch manifest wrappy@1
136 silly fetch manifest forwarded@0.2.0
137 silly fetch manifest ipaddr.js@1.9.1
138 silly fetch manifest side-channel@^1.1.0
139 silly fetch manifest depd@^2.0.0
140 silly fetch manifest is-promise@^4.0.0
141 silly fetch manifest path-to-regexp@^8.0.0
142 silly fetch manifest media-typer@^1.1.0
143 http fetch GET 200 https://registry.npmjs.org/toidentifier 294ms (cache updated)
144 http fetch GET 200 https://registry.npmjs.org/ee-first 294ms (cache updated)
145 http fetch GET 200 https://registry.npmjs.org/setprototypeof 298ms (cache updated)
146 http fetch GET 200 https://registry.npmjs.org/inherits 301ms (cache updated)
147 http fetch GET 200 https://registry.npmjs.org/wrappy 296ms (cache updated)
148 http fetch GET 200 https://registry.npmjs.org/forwarded 295ms (cache updated)
149 http fetch GET 200 https://registry.npmjs.org/side-channel 296ms (cache updated)
150 http fetch GET 200 https://registry.npmjs.org/bytes 321ms (cache updated)
151 http fetch GET 200 https://registry.npmjs.org/safe-buffer 320ms (cache updated)
152 http fetch GET 200 https://registry.npmjs.org/depd 316ms (cache updated)
153 http fetch GET 200 https://registry.npmjs.org/depd 300ms (cache updated)
154 http fetch GET 200 https://registry.npmjs.org/is-promise 300ms (cache updated)
155 http fetch GET 200 https://registry.npmjs.org/media-typer 299ms (cache updated)
156 http fetch GET 200 https://registry.npmjs.org/negotiator 332ms (cache updated)
157 http fetch GET 200 https://registry.npmjs.org/ms 326ms (cache updated)
158 http fetch GET 200 https://registry.npmjs.org/ipaddr.js 313ms (cache updated)
159 http fetch GET 200 https://registry.npmjs.org/iconv-lite 338ms (cache updated)
160 http fetch GET 200 https://registry.npmjs.org/raw-body 339ms (cache updated)
161 http fetch GET 200 https://registry.npmjs.org/mime-db 326ms (cache updated)
162 http fetch GET 200 https://registry.npmjs.org/path-to-regexp 317ms (cache updated)
163 timing idealTree:node_modules/express Completed in 460ms
164 silly placeDep ROOT negotiator@1.0.0 OK for: accepts@2.0.0 want: ^1.0.0
165 timing idealTree:node_modules/accepts Completed in 5ms
166 silly placeDep ROOT bytes@3.1.2 OK for: body-parser@2.2.0 want: ^3.1.2
167 silly placeDep ROOT iconv-lite@0.6.3 OK for: body-parser@2.2.0 want: ^0.6.3
168 silly placeDep ROOT raw-body@3.0.0 OK for: body-parser@2.2.0 want: ^3.0.0
169 silly fetch manifest safer-buffer@>= 2.1.2 < 3.0.0
170 silly fetch manifest unpipe@1.0.0
171 http fetch GET 200 https://registry.npmjs.org/unpipe 59ms (cache updated)
172 http fetch GET 200 https://registry.npmjs.org/safer-buffer 61ms (cache updated)
173 timing idealTree:node_modules/body-parser Completed in 72ms
174 timing idealTree:node_modules/bytes Completed in 0ms
175 silly placeDep ROOT safe-buffer@5.2.1 OK for: content-disposition@1.0.0 want: 5.2.1
176 timing idealTree:node_modules/content-disposition Completed in 3ms
177 timing idealTree:node_modules/content-type Completed in 0ms
178 timing idealTree:node_modules/cookie Completed in 0ms
179 timing idealTree:node_modules/cookie-signature Completed in 0ms
180 silly placeDep ROOT ms@2.1.3 OK for: debug@4.4.0 want: ^2.1.3
181 timing idealTree:node_modules/debug Completed in 3ms
182 timing idealTree:node_modules/encodeurl Completed in 0ms
183 timing idealTree:node_modules/escape-html Completed in 0ms
184 timing idealTree:node_modules/etag Completed in 0ms
185 timing idealTree:node_modules/finalhandler Completed in 0ms
186 timing idealTree:node_modules/fresh Completed in 0ms
187 silly placeDep ROOT depd@2.0.0 OK for: http-errors@2.0.0 want: 2.0.0
188 silly placeDep ROOT inherits@2.0.4 OK for: http-errors@2.0.0 want: 2.0.4
189 silly placeDep ROOT setprototypeof@1.2.0 OK for: http-errors@2.0.0 want: 1.2.0
190 silly placeDep ROOT toidentifier@1.0.1 OK for: http-errors@2.0.0 want: 1.0.1
191 timing idealTree:node_modules/http-errors Completed in 9ms
192 timing idealTree:node_modules/depd Completed in 0ms
193 silly placeDep ROOT safer-buffer@2.1.2 OK for: iconv-lite@0.6.3 want: >= 2.1.2 < 3.0.0
194 timing idealTree:node_modules/iconv-lite Completed in 2ms
195 timing idealTree:node_modules/inherits Completed in 0ms
196 timing idealTree:node_modules/merge-descriptors Completed in 1ms
197 silly placeDep ROOT mime-db@1.54.0 OK for: mime-types@3.0.1 want: ^1.54.0
198 timing idealTree:node_modules/mime-types Completed in 1ms
199 timing idealTree:node_modules/mime-db Completed in 0ms
200 timing idealTree:node_modules/ms Completed in 0ms
201 timing idealTree:node_modules/negotiator Completed in 0ms
202 silly placeDep ROOT ee-first@1.1.1 OK for: on-finished@2.4.1 want: 1.1.1
203 timing idealTree:node_modules/on-finished Completed in 2ms
204 timing idealTree:node_modules/ee-first Completed in 0ms
205 silly placeDep ROOT wrappy@1.0.2 OK for: once@1.4.0 want: 1
206 timing idealTree:node_modules/once Completed in 2ms
207 timing idealTree:node_modules/parseurl Completed in 0ms
208 silly placeDep ROOT forwarded@0.2.0 OK for: proxy-addr@2.0.7 want: 0.2.0
209 silly placeDep ROOT ipaddr.js@1.9.1 OK for: proxy-addr@2.0.7 want: 1.9.1
210 timing idealTree:node_modules/proxy-addr Completed in 3ms
211 timing idealTree:node_modules/forwarded Completed in 0ms
212 timing idealTree:node_modules/ipaddr.js Completed in 0ms
213 silly placeDep ROOT side-channel@1.1.0 OK for: qs@6.14.0 want: ^1.1.0
214 silly fetch manifest es-errors@^1.3.0
215 silly fetch manifest object-inspect@^1.13.3
216 silly fetch manifest side-channel-list@^1.0.0
217 silly fetch manifest side-channel-map@^1.0.1
218 silly fetch manifest side-channel-weakmap@^1.0.2
219 http fetch GET 200 https://registry.npmjs.org/es-errors 128ms (cache updated)
220 http fetch GET 200 https://registry.npmjs.org/side-channel-weakmap 129ms (cache updated)
221 http fetch GET 200 https://registry.npmjs.org/object-inspect 133ms (cache updated)
222 http fetch GET 200 https://registry.npmjs.org/side-channel-map 134ms (cache updated)
223 http fetch GET 200 https://registry.npmjs.org/side-channel-list 136ms (cache updated)
224 timing idealTree:node_modules/qs Completed in 140ms
225 timing idealTree:node_modules/range-parser Completed in 0ms
226 silly placeDep ROOT unpipe@1.0.0 OK for: raw-body@3.0.0 want: 1.0.0
227 timing idealTree:node_modules/raw-body Completed in 5ms
228 silly placeDep ROOT is-promise@4.0.0 OK for: router@2.2.0 want: ^4.0.0
229 silly placeDep ROOT path-to-regexp@8.2.0 OK for: router@2.2.0 want: ^8.0.0
230 timing idealTree:node_modules/router Completed in 7ms
231 timing idealTree:node_modules/is-promise Completed in 0ms
232 timing idealTree:node_modules/path-to-regexp Completed in 0ms
233 timing idealTree:node_modules/safe-buffer Completed in 0ms
234 timing idealTree:node_modules/safer-buffer Completed in 0ms
235 timing idealTree:node_modules/send Completed in 1ms
236 timing idealTree:node_modules/serve-static Completed in 0ms
237 timing idealTree:node_modules/setprototypeof Completed in 0ms
238 silly placeDep ROOT es-errors@1.3.0 OK for: side-channel@1.1.0 want: ^1.3.0
239 silly placeDep ROOT object-inspect@1.13.4 OK for: side-channel@1.1.0 want: ^1.13.3
240 silly placeDep ROOT side-channel-list@1.0.0 OK for: side-channel@1.1.0 want: ^1.0.0
241 silly placeDep ROOT side-channel-map@1.0.1 OK for: side-channel@1.1.0 want: ^1.0.1
242 silly placeDep ROOT side-channel-weakmap@1.0.2 OK for: side-channel@1.1.0 want: ^1.0.2
243 silly fetch manifest call-bound@^1.0.2
244 silly fetch manifest get-intrinsic@^1.2.5
245 http fetch GET 200 https://registry.npmjs.org/call-bound 42ms (cache updated)
246 http fetch GET 200 https://registry.npmjs.org/get-intrinsic 81ms (cache updated)
247 timing idealTree:node_modules/side-channel Completed in 94ms
248 timing idealTree:node_modules/es-errors Completed in 0ms
249 timing idealTree:node_modules/object-inspect Completed in 0ms
250 timing idealTree:node_modules/side-channel-list Completed in 0ms
251 silly placeDep ROOT call-bound@1.0.4 OK for: side-channel-map@1.0.1 want: ^1.0.2
252 silly placeDep ROOT get-intrinsic@1.3.0 OK for: side-channel-map@1.0.1 want: ^1.2.5
253 silly fetch manifest call-bind-apply-helpers@^1.0.2
254 silly fetch manifest es-define-property@^1.0.1
255 silly fetch manifest es-object-atoms@^1.1.1
256 silly fetch manifest function-bind@^1.1.2
257 silly fetch manifest get-proto@^1.0.1
258 silly fetch manifest gopd@^1.2.0
259 silly fetch manifest has-symbols@^1.1.0
260 silly fetch manifest hasown@^2.0.2
261 silly fetch manifest math-intrinsics@^1.1.0
262 http fetch GET 200 https://registry.npmjs.org/es-define-property 102ms (cache updated)
263 http fetch GET 200 https://registry.npmjs.org/es-object-atoms 101ms (cache updated)
264 http fetch GET 200 https://registry.npmjs.org/call-bind-apply-helpers 106ms (cache updated)
265 http fetch GET 200 https://registry.npmjs.org/function-bind 104ms (cache updated)
266 http fetch GET 200 https://registry.npmjs.org/gopd 102ms (cache updated)
267 http fetch GET 200 https://registry.npmjs.org/get-proto 105ms (cache updated)
268 http fetch GET 200 https://registry.npmjs.org/math-intrinsics 103ms (cache updated)
269 http fetch GET 200 https://registry.npmjs.org/has-symbols 104ms (cache updated)
270 http fetch GET 200 https://registry.npmjs.org/hasown 116ms (cache updated)
271 timing idealTree:node_modules/side-channel-map Completed in 137ms
272 silly placeDep ROOT call-bind-apply-helpers@1.0.2 OK for: call-bound@1.0.4 want: ^1.0.2
273 timing idealTree:node_modules/call-bound Completed in 5ms
274 silly placeDep ROOT function-bind@1.1.2 OK for: call-bind-apply-helpers@1.0.2 want: ^1.1.2
275 timing idealTree:node_modules/call-bind-apply-helpers Completed in 4ms
276 timing idealTree:node_modules/function-bind Completed in 0ms
277 silly placeDep ROOT es-define-property@1.0.1 OK for: get-intrinsic@1.3.0 want: ^1.0.1
278 silly placeDep ROOT es-object-atoms@1.1.1 OK for: get-intrinsic@1.3.0 want: ^1.1.1
279 silly placeDep ROOT get-proto@1.0.1 OK for: get-intrinsic@1.3.0 want: ^1.0.1
280 silly placeDep ROOT gopd@1.2.0 OK for: get-intrinsic@1.3.0 want: ^1.2.0
281 silly placeDep ROOT has-symbols@1.1.0 OK for: get-intrinsic@1.3.0 want: ^1.1.0
282 silly placeDep ROOT hasown@2.0.2 OK for: get-intrinsic@1.3.0 want: ^2.0.2
283 silly placeDep ROOT math-intrinsics@1.1.0 OK for: get-intrinsic@1.3.0 want: ^1.1.0
284 silly fetch manifest dunder-proto@^1.0.1
285 http fetch GET 200 https://registry.npmjs.org/dunder-proto 54ms (cache updated)
286 timing idealTree:node_modules/get-intrinsic Completed in 76ms
287 timing idealTree:node_modules/es-define-property Completed in 0ms
288 timing idealTree:node_modules/es-object-atoms Completed in 0ms
289 silly placeDep ROOT dunder-proto@1.0.1 OK for: get-proto@1.0.1 want: ^1.0.1
290 timing idealTree:node_modules/get-proto Completed in 5ms
291 timing idealTree:node_modules/dunder-proto Completed in 0ms
292 timing idealTree:node_modules/gopd Completed in 0ms
293 timing idealTree:node_modules/has-symbols Completed in 0ms
294 timing idealTree:node_modules/hasown Completed in 0ms
295 timing idealTree:node_modules/math-intrinsics Completed in 0ms
296 timing idealTree:node_modules/side-channel-weakmap Completed in 0ms
297 timing idealTree:node_modules/statuses Completed in 0ms
298 timing idealTree:node_modules/toidentifier Completed in 0ms
299 silly placeDep ROOT media-typer@1.1.0 OK for: type-is@2.0.1 want: ^1.1.0
300 timing idealTree:node_modules/type-is Completed in 4ms
301 timing idealTree:node_modules/media-typer Completed in 0ms
302 timing idealTree:node_modules/unpipe Completed in 0ms
303 timing idealTree:node_modules/vary Completed in 0ms
304 timing idealTree:node_modules/wrappy Completed in 0ms
305 timing idealTree:buildDeps Completed in 1885ms
306 timing idealTree:fixDepFlags Completed in 4ms
307 timing idealTree Completed in 1942ms
308 timing reify:loadTrees Completed in 1945ms
309 timing reify:diffTrees Completed in 11ms
310 silly reify moves {}
311 timing reify:retireShallow Completed in 6ms
312 timing reify:createSparse Completed in 22ms
313 timing reify:loadBundles Completed in 0ms
314 timing reifyNode:node_modules/wrappy Completed in 585ms
315 timing reifyNode:node_modules/ee-first Completed in 586ms
316 timing reifyNode:node_modules/ms Completed in 585ms
317 timing reifyNode:node_modules/once Completed in 589ms
318 timing reifyNode:node_modules/merge-descriptors Completed in 590ms
319 timing reifyNode:node_modules/escape-html Completed in 591ms
320 timing reifyNode:node_modules/encodeurl Completed in 592ms
321 timing reifyNode:node_modules/media-typer Completed in 601ms
322 timing reifyNode:node_modules/unpipe Completed in 607ms
323 timing reifyNode:node_modules/toidentifier Completed in 605ms
324 timing reifyNode:node_modules/forwarded Completed in 606ms
325 timing reifyNode:node_modules/inherits Completed in 605ms
326 timing reifyNode:node_modules/vary Completed in 606ms
327 timing reifyNode:node_modules/bytes Completed in 607ms
328 timing reifyNode:node_modules/range-parser Completed in 606ms
329 timing reifyNode:node_modules/parseurl Completed in 608ms
330 timing reifyNode:node_modules/on-finished Completed in 608ms
331 timing reifyNode:node_modules/http-errors Completed in 608ms
332 timing reifyNode:node_modules/fresh Completed in 609ms
333 timing reifyNode:node_modules/etag Completed in 609ms
334 timing reifyNode:node_modules/cookie-signature Completed in 615ms
335 timing reifyNode:node_modules/content-type Completed in 615ms
336 timing reifyNode:node_modules/accepts Completed in 615ms
337 timing reifyNode:node_modules/is-promise Completed in 624ms
338 timing reifyNode:node_modules/proxy-addr Completed in 625ms
339 timing reifyNode:node_modules/setprototypeof Completed in 632ms
340 timing reifyNode:node_modules/type-is Completed in 632ms
341 timing reifyNode:node_modules/serve-static Completed in 631ms
342 timing reifyNode:node_modules/statuses Completed in 633ms
343 timing reifyNode:node_modules/mime-types Completed in 632ms
344 timing reifyNode:node_modules/finalhandler Completed in 632ms
345 timing reifyNode:node_modules/cookie Completed in 631ms
346 timing reifyNode:node_modules/content-disposition Completed in 631ms
347 timing reifyNode:node_modules/safe-buffer Completed in 644ms
348 timing reifyNode:node_modules/raw-body Completed in 652ms
349 timing reifyNode:node_modules/debug Completed in 650ms
350 timing reifyNode:node_modules/safer-buffer Completed in 660ms
351 timing reifyNode:node_modules/depd Completed in 659ms
352 timing reifyNode:node_modules/send Completed in 658ms
353 timing reifyNode:node_modules/hasown Completed in 666ms
354 timing reifyNode:node_modules/ipaddr.js Completed in 667ms
355 timing reifyNode:node_modules/call-bound Completed in 685ms
356 timing reifyNode:node_modules/path-to-regexp Completed in 685ms
357 timing reifyNode:node_modules/negotiator Completed in 683ms
358 timing reifyNode:node_modules/router Completed in 684ms
359 timing reifyNode:node_modules/side-channel-weakmap Completed in 695ms
360 timing reifyNode:node_modules/es-define-property Completed in 705ms
361 timing reifyNode:node_modules/side-channel-list Completed in 706ms
362 timing reifyNode:node_modules/gopd Completed in 712ms
363 timing reifyNode:node_modules/side-channel-map Completed in 713ms
364 timing reifyNode:node_modules/side-channel Completed in 715ms
365 timing reifyNode:node_modules/dunder-proto Completed in 719ms
366 timing reifyNode:node_modules/get-intrinsic Completed in 720ms
367 timing reifyNode:node_modules/es-object-atoms Completed in 727ms
368 timing reifyNode:node_modules/function-bind Completed in 726ms
369 timing reifyNode:node_modules/get-proto Completed in 732ms
370 timing reifyNode:node_modules/body-parser Completed in 725ms
371 timing reifyNode:node_modules/mime-db Completed in 734ms
372 timing reifyNode:node_modules/has-symbols Completed in 741ms
373 timing reifyNode:node_modules/call-bind-apply-helpers Completed in 741ms
374 timing reifyNode:node_modules/es-errors Completed in 744ms
375 timing reifyNode:node_modules/express Completed in 741ms
376 timing reifyNode:node_modules/math-intrinsics Completed in 767ms
377 timing reifyNode:node_modules/qs Completed in 761ms
378 timing reifyNode:node_modules/object-inspect Completed in 766ms
379 timing reifyNode:node_modules/iconv-lite Completed in 776ms
380 timing reify:unpack Completed in 783ms
381 timing reify:unretire Completed in 1ms
382 timing build:queue Completed in 6ms
383 timing build:deps Completed in 6ms
384 timing build Completed in 8ms
385 timing reify:build Completed in 9ms
386 timing reify:trash Completed in 0ms
387 timing reify:save Completed in 42ms
388 timing reify Completed in 2859ms
389 silly ADD node_modules/media-typer
390 silly ADD node_modules/dunder-proto
391 silly ADD node_modules/math-intrinsics
392 silly ADD node_modules/hasown
393 silly ADD node_modules/has-symbols
394 silly ADD node_modules/gopd
395 silly ADD node_modules/get-proto
396 silly ADD node_modules/es-object-atoms
397 silly ADD node_modules/es-define-property
398 silly ADD node_modules/function-bind
399 silly ADD node_modules/call-bind-apply-helpers
400 silly ADD node_modules/get-intrinsic
401 silly ADD node_modules/call-bound
402 silly ADD node_modules/side-channel-weakmap
403 silly ADD node_modules/side-channel-map
404 silly ADD node_modules/side-channel-list
405 silly ADD node_modules/object-inspect
406 silly ADD node_modules/es-errors
407 silly ADD node_modules/path-to-regexp
408 silly ADD node_modules/is-promise
409 silly ADD node_modules/unpipe
410 silly ADD node_modules/side-channel
411 silly ADD node_modules/ipaddr.js
412 silly ADD node_modules/forwarded
413 silly ADD node_modules/wrappy
414 silly ADD node_modules/ee-first
415 silly ADD node_modules/mime-db
416 silly ADD node_modules/safer-buffer
417 silly ADD node_modules/toidentifier
418 silly ADD node_modules/setprototypeof
419 silly ADD node_modules/inherits
420 silly ADD node_modules/depd
421 silly ADD node_modules/ms
422 silly ADD node_modules/safe-buffer
423 silly ADD node_modules/raw-body
424 silly ADD node_modules/iconv-lite
425 silly ADD node_modules/bytes
426 silly ADD node_modules/negotiator
427 silly ADD node_modules/vary
428 silly ADD node_modules/type-is
429 silly ADD node_modules/statuses
430 silly ADD node_modules/serve-static
431 silly ADD node_modules/send
432 silly ADD node_modules/router
433 silly ADD node_modules/range-parser
434 silly ADD node_modules/qs
435 silly ADD node_modules/proxy-addr
436 silly ADD node_modules/parseurl
437 silly ADD node_modules/once
438 silly ADD node_modules/on-finished
439 silly ADD node_modules/mime-types
440 silly ADD node_modules/merge-descriptors
441 silly ADD node_modules/http-errors
442 silly ADD node_modules/fresh
443 silly ADD node_modules/finalhandler
444 silly ADD node_modules/etag
445 silly ADD node_modules/escape-html
446 silly ADD node_modules/encodeurl
447 silly ADD node_modules/debug
448 silly ADD node_modules/cookie-signature
449 silly ADD node_modules/cookie
450 silly ADD node_modules/content-type
451 silly ADD node_modules/content-disposition
452 silly ADD node_modules/body-parser
453 silly ADD node_modules/accepts
454 silly ADD node_modules/express
455 timing command:install Completed in 2879ms
456 verbose exit 0
457 timing npm Completed in 2963ms
458 info ok
